Determining if the pthread_create exist failed with the following output:
Change Dir: /home/willem/catkin_ws/src/xrrobot/build/CMakeFiles/CMakeTmp

Run Build Command:"/usr/bin/make" "cmTC_20ced/fast"
/usr/bin/make -f CMakeFiles/cmTC_20ced.dir/build.make CMakeFiles/cmTC_20ced.dir/build
make[1]: Entering directory '/home/willem/catkin_ws/src/xrrobot/build/CMakeFiles/CMakeTmp'
Building C object CMakeFiles/cmTC_20ced.dir/CheckSymbolExists.c.o
/usr/bin/cc    -o CMakeFiles/cmTC_20ced.dir/CheckSymbolExists.c.o   -c /home/willem/catkin_ws/src/xrrobot/build/CMakeFiles/CMakeTmp/CheckSymbolExists.c
Linking C executable cmTC_20ced
/usr/bin/cmake -E cmake_link_script CMakeFiles/cmTC_20ced.dir/link.txt --verbose=1
/usr/bin/cc      -rdynamic CMakeFiles/cmTC_20ced.dir/CheckSymbolExists.c.o  -o cmTC_20ced 
CMakeFiles/cmTC_20ced.dir/CheckSymbolExists.c.o: In function `main':
CheckSymbolExists.c:(.text+0x14): undefined reference to `pthread_create'
CheckSymbolExists.c:(.text+0x18): undefined reference to `pthread_create'
collect2: error: ld returned 1 exit status
CMakeFiles/cmTC_20ced.dir/build.make:97: recipe for target 'cmTC_20ced' failed
make[1]: *** [cmTC_20ced] Error 1
make[1]: Leaving directory '/home/willem/catkin_ws/src/xrrobot/build/CMakeFiles/CMakeTmp'
Makefile:126: recipe for target 'cmTC_20ced/fast' failed
make: *** [cmTC_20ced/fast] Error 2

File /home/willem/catkin_ws/src/xrrobot/build/CMakeFiles/CMakeTmp/CheckSymbolExists.c:
/* */
#include <pthread.h>

int main(int argc, char** argv)
{
  (void)argv;
#ifndef pthread_create
  return ((int*)(&pthread_create))[argc];
#else
  (void)argc;
  return 0;
#endif
}

Determining if the function pthread_create exists in the pthreads failed with the following output:
Change Dir: /home/willem/catkin_ws/src/xrrobot/build/CMakeFiles/CMakeTmp

Run Build Command:"/usr/bin/make" "cmTC_ccbe5/fast"
/usr/bin/make -f CMakeFiles/cmTC_ccbe5.dir/build.make CMakeFiles/cmTC_ccbe5.dir/build
make[1]: Entering directory '/home/willem/catkin_ws/src/xrrobot/build/CMakeFiles/CMakeTmp'
Building C object CMakeFiles/cmTC_ccbe5.dir/CheckFunctionExists.c.o
/usr/bin/cc   -DCHECK_FUNCTION_EXISTS=pthread_create   -o CMakeFiles/cmTC_ccbe5.dir/CheckFunctionExists.c.o   -c /usr/share/cmake-3.10/Modules/CheckFunctionExists.c
Linking C executable cmTC_ccbe5
/usr/bin/cmake -E cmake_link_script CMakeFiles/cmTC_ccbe5.dir/link.txt --verbose=1
/usr/bin/cc  -DCHECK_FUNCTION_EXISTS=pthread_create    -rdynamic CMakeFiles/cmTC_ccbe5.dir/CheckFunctionExists.c.o  -o cmTC_ccbe5 -lpthreads 
/usr/bin/ld: cannot find -lpthreads
collect2: error: ld returned 1 exit status
CMakeFiles/cmTC_ccbe5.dir/build.make:97: recipe for target 'cmTC_ccbe5' failed
make[1]: *** [cmTC_ccbe5] Error 1
make[1]: Leaving directory '/home/willem/catkin_ws/src/xrrobot/build/CMakeFiles/CMakeTmp'
Makefile:126: recipe for target 'cmTC_ccbe5/fast' failed
make: *** [cmTC_ccbe5/fast] Error 2


